2017-02-12 21:50:31,712 - Log4JLogChute initialized using file 'velocity.log'
2017-02-12 21:50:31,713 - Initializing Velocity, Calling init()...
2017-02-12 21:50:31,713 - Starting Apache Velocity v1.7 (compiled: 2010-11-19 12:14:37)
2017-02-12 21:50:31,713 - Default Properties File: org\apache\velocity\runtime\defaults\velocity.properties
2017-02-12 21:50:31,713 - Trying to use logger class org.apache.velocity.runtime.log.AvalonLogChute
2017-02-12 21:50:31,713 - Target log system for org.apache.velocity.runtime.log.AvalonLogChute is not available (java.lang.NoClassDefFoundError: org/apache/log/format/Formatter).  Falling back to next log system...
2017-02-12 21:50:31,713 - Trying to use logger class org.apache.velocity.runtime.log.Log4JLogChute
2017-02-12 21:50:31,713 - Using logger class org.apache.velocity.runtime.log.Log4JLogChute
2017-02-12 21:50:31,717 - ResourceLoader instantiated: org.apache.velocity.runtime.resource.loader.ClasspathResourceLoader
2017-02-12 21:50:31,745 - ResourceCache: initialized (class org.apache.velocity.runtime.resource.ResourceCacheImpl) with class java.util.Collections$SynchronizedMap cache map.
2017-02-12 21:50:31,746 - Loaded System Directive: org.apache.velocity.runtime.directive.Stop
2017-02-12 21:50:31,747 - Loaded System Directive: org.apache.velocity.runtime.directive.Define
2017-02-12 21:50:31,748 - Loaded System Directive: org.apache.velocity.runtime.directive.Break
2017-02-12 21:50:31,749 - Loaded System Directive: org.apache.velocity.runtime.directive.Evaluate
2017-02-12 21:50:31,749 - Loaded System Directive: org.apache.velocity.runtime.directive.Literal
2017-02-12 21:50:31,751 - Loaded System Directive: org.apache.velocity.runtime.directive.Macro
2017-02-12 21:50:31,752 - Loaded System Directive: org.apache.velocity.runtime.directive.Parse
2017-02-12 21:50:31,754 - Loaded System Directive: org.apache.velocity.runtime.directive.Include
2017-02-12 21:50:31,755 - Loaded System Directive: org.apache.velocity.runtime.directive.Foreach
2017-02-12 21:50:31,778 - Created '20' parsers.
2017-02-12 21:50:31,782 - Velocimacro : "velocimacro.library" is not set.  Trying default library: VM_global_library.vm
2017-02-12 21:50:31,782 - Could not load resource 'VM_global_library.vm' from ResourceLoader org.apache.velocity.runtime.resource.loader.ClasspathResourceLoader: ClasspathResourceLoader Error: cannot find resource VM_global_library.vm
2017-02-12 21:50:31,782 - Velocimacro : Default library not found.
2017-02-12 21:50:31,782 - Velocimacro : allowInline = true : VMs can be defined inline in templates
2017-02-12 21:50:31,782 - Velocimacro : allowInlineToOverride = false : VMs defined inline may NOT replace previous VM definitions
2017-02-12 21:50:31,782 - Velocimacro : allowInlineLocal = false : VMs defined inline will be global in scope if allowed.
2017-02-12 21:50:31,783 - Velocimacro : autoload off : VM system will not automatically reload global library macros
2017-02-12 21:50:31,784 - ResourceManager : unable to find resource 'tpl/model.java.vm' in any resource loader.
2017-02-12 21:51:56,570 - Log4JLogChute initialized using file 'velocity.log'
2017-02-12 21:51:56,571 - Initializing Velocity, Calling init()...
2017-02-12 21:51:56,571 - Starting Apache Velocity v1.7 (compiled: 2010-11-19 12:14:37)
2017-02-12 21:51:56,571 - Default Properties File: org\apache\velocity\runtime\defaults\velocity.properties
2017-02-12 21:51:56,571 - Trying to use logger class org.apache.velocity.runtime.log.AvalonLogChute
2017-02-12 21:51:56,571 - Target log system for org.apache.velocity.runtime.log.AvalonLogChute is not available (java.lang.NoClassDefFoundError: org/apache/log/format/Formatter).  Falling back to next log system...
2017-02-12 21:51:56,571 - Trying to use logger class org.apache.velocity.runtime.log.Log4JLogChute
2017-02-12 21:51:56,571 - Using logger class org.apache.velocity.runtime.log.Log4JLogChute
2017-02-12 21:51:56,573 - ResourceLoader instantiated: org.apache.velocity.runtime.resource.loader.ClasspathResourceLoader
2017-02-12 21:51:56,580 - ResourceCache: initialized (class org.apache.velocity.runtime.resource.ResourceCacheImpl) with class java.util.Collections$SynchronizedMap cache map.
2017-02-12 21:51:56,581 - Loaded System Directive: org.apache.velocity.runtime.directive.Stop
2017-02-12 21:51:56,581 - Loaded System Directive: org.apache.velocity.runtime.directive.Define
2017-02-12 21:51:56,582 - Loaded System Directive: org.apache.velocity.runtime.directive.Break
2017-02-12 21:51:56,582 - Loaded System Directive: org.apache.velocity.runtime.directive.Evaluate
2017-02-12 21:51:56,582 - Loaded System Directive: org.apache.velocity.runtime.directive.Literal
2017-02-12 21:51:56,583 - Loaded System Directive: org.apache.velocity.runtime.directive.Macro
2017-02-12 21:51:56,583 - Loaded System Directive: org.apache.velocity.runtime.directive.Parse
2017-02-12 21:51:56,584 - Loaded System Directive: org.apache.velocity.runtime.directive.Include
2017-02-12 21:51:56,585 - Loaded System Directive: org.apache.velocity.runtime.directive.Foreach
2017-02-12 21:51:56,603 - Created '20' parsers.
2017-02-12 21:51:56,606 - Velocimacro : "velocimacro.library" is not set.  Trying default library: VM_global_library.vm
2017-02-12 21:51:56,606 - Could not load resource 'VM_global_library.vm' from ResourceLoader org.apache.velocity.runtime.resource.loader.ClasspathResourceLoader: ClasspathResourceLoader Error: cannot find resource VM_global_library.vm
2017-02-12 21:51:56,606 - Velocimacro : Default library not found.
2017-02-12 21:51:56,606 - Velocimacro : allowInline = true : VMs can be defined inline in templates
2017-02-12 21:51:56,606 - Velocimacro : allowInlineToOverride = false : VMs defined inline may NOT replace previous VM definitions
2017-02-12 21:51:56,606 - Velocimacro : allowInlineLocal = false : VMs defined inline will be global in scope if allowed.
2017-02-12 21:51:56,606 - Velocimacro : autoload off : VM system will not automatically reload global library macros
2017-02-12 21:51:56,607 - ResourceManager : unable to find resource '/tpl/model.java.vm' in any resource loader.
2017-02-12 21:52:16,526 - Log4JLogChute initialized using file 'velocity.log'
2017-02-12 21:52:16,526 - Initializing Velocity, Calling init()...
2017-02-12 21:52:16,527 - Starting Apache Velocity v1.7 (compiled: 2010-11-19 12:14:37)
2017-02-12 21:52:16,527 - Default Properties File: org\apache\velocity\runtime\defaults\velocity.properties
2017-02-12 21:52:16,527 - Trying to use logger class org.apache.velocity.runtime.log.AvalonLogChute
2017-02-12 21:52:16,527 - Target log system for org.apache.velocity.runtime.log.AvalonLogChute is not available (java.lang.NoClassDefFoundError: org/apache/log/format/Formatter).  Falling back to next log system...
2017-02-12 21:52:16,527 - Trying to use logger class org.apache.velocity.runtime.log.Log4JLogChute
2017-02-12 21:52:16,527 - Using logger class org.apache.velocity.runtime.log.Log4JLogChute
2017-02-12 21:52:16,529 - ResourceLoader instantiated: org.apache.velocity.runtime.resource.loader.ClasspathResourceLoader
2017-02-12 21:52:16,537 - ResourceCache: initialized (class org.apache.velocity.runtime.resource.ResourceCacheImpl) with class java.util.Collections$SynchronizedMap cache map.
2017-02-12 21:52:16,538 - Loaded System Directive: org.apache.velocity.runtime.directive.Stop
2017-02-12 21:52:16,539 - Loaded System Directive: org.apache.velocity.runtime.directive.Define
2017-02-12 21:52:16,539 - Loaded System Directive: org.apache.velocity.runtime.directive.Break
2017-02-12 21:52:16,540 - Loaded System Directive: org.apache.velocity.runtime.directive.Evaluate
2017-02-12 21:52:16,540 - Loaded System Directive: org.apache.velocity.runtime.directive.Literal
2017-02-12 21:52:16,541 - Loaded System Directive: org.apache.velocity.runtime.directive.Macro
2017-02-12 21:52:16,541 - Loaded System Directive: org.apache.velocity.runtime.directive.Parse
2017-02-12 21:52:16,542 - Loaded System Directive: org.apache.velocity.runtime.directive.Include
2017-02-12 21:52:16,543 - Loaded System Directive: org.apache.velocity.runtime.directive.Foreach
2017-02-12 21:52:16,563 - Created '20' parsers.
2017-02-12 21:52:16,567 - Velocimacro : "velocimacro.library" is not set.  Trying default library: VM_global_library.vm
2017-02-12 21:52:16,567 - Could not load resource 'VM_global_library.vm' from ResourceLoader org.apache.velocity.runtime.resource.loader.ClasspathResourceLoader: ClasspathResourceLoader Error: cannot find resource VM_global_library.vm
2017-02-12 21:52:16,567 - Velocimacro : Default library not found.
2017-02-12 21:52:16,567 - Velocimacro : allowInline = true : VMs can be defined inline in templates
2017-02-12 21:52:16,567 - Velocimacro : allowInlineToOverride = false : VMs defined inline may NOT replace previous VM definitions
2017-02-12 21:52:16,567 - Velocimacro : allowInlineLocal = false : VMs defined inline will be global in scope if allowed.
2017-02-12 21:52:16,567 - Velocimacro : autoload off : VM system will not automatically reload global library macros
2017-02-12 21:52:16,569 - ResourceManager : unable to find resource 'classpath:tpl/model.java.vm' in any resource loader.
2017-02-12 21:53:32,980 - Log4JLogChute initialized using file 'velocity.log'
2017-02-12 21:53:32,980 - Initializing Velocity, Calling init()...
2017-02-12 21:53:32,980 - Starting Apache Velocity v1.7 (compiled: 2010-11-19 12:14:37)
2017-02-12 21:53:32,980 - Default Properties File: org\apache\velocity\runtime\defaults\velocity.properties
2017-02-12 21:53:32,980 - Trying to use logger class org.apache.velocity.runtime.log.AvalonLogChute
2017-02-12 21:53:32,980 - Target log system for org.apache.velocity.runtime.log.AvalonLogChute is not available (java.lang.NoClassDefFoundError: org/apache/log/format/Formatter).  Falling back to next log system...
2017-02-12 21:53:32,980 - Trying to use logger class org.apache.velocity.runtime.log.Log4JLogChute
2017-02-12 21:53:32,980 - Using logger class org.apache.velocity.runtime.log.Log4JLogChute
2017-02-12 21:53:32,983 - ResourceLoader instantiated: org.apache.velocity.runtime.resource.loader.ClasspathResourceLoader
2017-02-12 21:53:32,991 - ResourceCache: initialized (class org.apache.velocity.runtime.resource.ResourceCacheImpl) with class java.util.Collections$SynchronizedMap cache map.
2017-02-12 21:53:32,992 - Loaded System Directive: org.apache.velocity.runtime.directive.Stop
2017-02-12 21:53:32,993 - Loaded System Directive: org.apache.velocity.runtime.directive.Define
2017-02-12 21:53:32,993 - Loaded System Directive: org.apache.velocity.runtime.directive.Break
2017-02-12 21:53:32,994 - Loaded System Directive: org.apache.velocity.runtime.directive.Evaluate
2017-02-12 21:53:32,994 - Loaded System Directive: org.apache.velocity.runtime.directive.Literal
2017-02-12 21:53:32,995 - Loaded System Directive: org.apache.velocity.runtime.directive.Macro
2017-02-12 21:53:32,996 - Loaded System Directive: org.apache.velocity.runtime.directive.Parse
2017-02-12 21:53:32,997 - Loaded System Directive: org.apache.velocity.runtime.directive.Include
2017-02-12 21:53:32,997 - Loaded System Directive: org.apache.velocity.runtime.directive.Foreach
2017-02-12 21:53:33,017 - Created '20' parsers.
2017-02-12 21:53:33,021 - Velocimacro : "velocimacro.library" is not set.  Trying default library: VM_global_library.vm
2017-02-12 21:53:33,021 - Could not load resource 'VM_global_library.vm' from ResourceLoader org.apache.velocity.runtime.resource.loader.ClasspathResourceLoader: ClasspathResourceLoader Error: cannot find resource VM_global_library.vm
2017-02-12 21:53:33,021 - Velocimacro : Default library not found.
2017-02-12 21:53:33,021 - Velocimacro : allowInline = true : VMs can be defined inline in templates
2017-02-12 21:53:33,021 - Velocimacro : allowInlineToOverride = false : VMs defined inline may NOT replace previous VM definitions
2017-02-12 21:53:33,021 - Velocimacro : allowInlineLocal = false : VMs defined inline will be global in scope if allowed.
2017-02-12 21:53:33,021 - Velocimacro : autoload off : VM system will not automatically reload global library macros
2017-02-12 21:53:33,023 - ResourceManager : unable to find resource 'tpl/model.java.vm' in any resource loader.
2017-02-12 21:54:41,957 - Log4JLogChute initialized using file 'velocity.log'
2017-02-12 21:54:41,958 - Initializing Velocity, Calling init()...
2017-02-12 21:54:41,958 - Starting Apache Velocity v1.7 (compiled: 2010-11-19 12:14:37)
2017-02-12 21:54:41,958 - Default Properties File: org\apache\velocity\runtime\defaults\velocity.properties
2017-02-12 21:54:41,958 - Trying to use logger class org.apache.velocity.runtime.log.AvalonLogChute
2017-02-12 21:54:41,958 - Target log system for org.apache.velocity.runtime.log.AvalonLogChute is not available (java.lang.NoClassDefFoundError: org/apache/log/format/Formatter).  Falling back to next log system...
2017-02-12 21:54:41,958 - Trying to use logger class org.apache.velocity.runtime.log.Log4JLogChute
2017-02-12 21:54:41,958 - Using logger class org.apache.velocity.runtime.log.Log4JLogChute
2017-02-12 21:54:42,047 - ResourceLoader instantiated: org.apache.velocity.runtime.resource.loader.ClasspathResourceLoader
2017-02-12 21:54:42,055 - ResourceCache: initialized (class org.apache.velocity.runtime.resource.ResourceCacheImpl) with class java.util.Collections$SynchronizedMap cache map.
2017-02-12 21:54:42,056 - Loaded System Directive: org.apache.velocity.runtime.directive.Stop
2017-02-12 21:54:42,057 - Loaded System Directive: org.apache.velocity.runtime.directive.Define
2017-02-12 21:54:42,057 - Loaded System Directive: org.apache.velocity.runtime.directive.Break
2017-02-12 21:54:42,058 - Loaded System Directive: org.apache.velocity.runtime.directive.Evaluate
2017-02-12 21:54:42,058 - Loaded System Directive: org.apache.velocity.runtime.directive.Literal
2017-02-12 21:54:42,059 - Loaded System Directive: org.apache.velocity.runtime.directive.Macro
2017-02-12 21:54:42,059 - Loaded System Directive: org.apache.velocity.runtime.directive.Parse
2017-02-12 21:54:42,060 - Loaded System Directive: org.apache.velocity.runtime.directive.Include
2017-02-12 21:54:42,061 - Loaded System Directive: org.apache.velocity.runtime.directive.Foreach
2017-02-12 21:54:42,082 - Created '20' parsers.
2017-02-12 21:54:42,085 - Velocimacro : "velocimacro.library" is not set.  Trying default library: VM_global_library.vm
2017-02-12 21:54:42,086 - Could not load resource 'VM_global_library.vm' from ResourceLoader org.apache.velocity.runtime.resource.loader.ClasspathResourceLoader: ClasspathResourceLoader Error: cannot find resource VM_global_library.vm
2017-02-12 21:54:42,086 - Velocimacro : Default library not found.
2017-02-12 21:54:42,086 - Velocimacro : allowInline = true : VMs can be defined inline in templates
2017-02-12 21:54:42,086 - Velocimacro : allowInlineToOverride = false : VMs defined inline may NOT replace previous VM definitions
2017-02-12 21:54:42,086 - Velocimacro : allowInlineLocal = false : VMs defined inline will be global in scope if allowed.
2017-02-12 21:54:42,086 - Velocimacro : autoload off : VM system will not automatically reload global library macros
2017-02-12 21:55:03,454 - ResourceManager : unable to find resource 'tpl/model.java.vm' in any resource loader.
2017-02-12 21:57:20,761 - Log4JLogChute initialized using file 'velocity.log'
2017-02-12 21:57:20,762 - Initializing Velocity, Calling init()...
2017-02-12 21:57:20,762 - Starting Apache Velocity v1.7 (compiled: 2010-11-19 12:14:37)
2017-02-12 21:57:20,762 - Default Properties File: org\apache\velocity\runtime\defaults\velocity.properties
2017-02-12 21:57:20,762 - Trying to use logger class org.apache.velocity.runtime.log.AvalonLogChute
2017-02-12 21:57:20,762 - Target log system for org.apache.velocity.runtime.log.AvalonLogChute is not available (java.lang.NoClassDefFoundError: org/apache/log/format/Formatter).  Falling back to next log system...
2017-02-12 21:57:20,762 - Trying to use logger class org.apache.velocity.runtime.log.Log4JLogChute
2017-02-12 21:57:20,762 - Using logger class org.apache.velocity.runtime.log.Log4JLogChute
2017-02-12 21:57:20,765 - ResourceLoader instantiated: org.apache.velocity.runtime.resource.loader.ClasspathResourceLoader
2017-02-12 21:57:20,773 - ResourceCache: initialized (class org.apache.velocity.runtime.resource.ResourceCacheImpl) with class java.util.Collections$SynchronizedMap cache map.
2017-02-12 21:57:20,774 - Loaded System Directive: org.apache.velocity.runtime.directive.Stop
2017-02-12 21:57:20,775 - Loaded System Directive: org.apache.velocity.runtime.directive.Define
2017-02-12 21:57:20,775 - Loaded System Directive: org.apache.velocity.runtime.directive.Break
2017-02-12 21:57:20,775 - Loaded System Directive: org.apache.velocity.runtime.directive.Evaluate
2017-02-12 21:57:20,776 - Loaded System Directive: org.apache.velocity.runtime.directive.Literal
2017-02-12 21:57:20,776 - Loaded System Directive: org.apache.velocity.runtime.directive.Macro
2017-02-12 21:57:20,777 - Loaded System Directive: org.apache.velocity.runtime.directive.Parse
2017-02-12 21:57:20,778 - Loaded System Directive: org.apache.velocity.runtime.directive.Include
2017-02-12 21:57:20,779 - Loaded System Directive: org.apache.velocity.runtime.directive.Foreach
2017-02-12 21:57:20,798 - Created '20' parsers.
2017-02-12 21:57:20,801 - Velocimacro : "velocimacro.library" is not set.  Trying default library: VM_global_library.vm
2017-02-12 21:57:20,802 - Could not load resource 'VM_global_library.vm' from ResourceLoader org.apache.velocity.runtime.resource.loader.ClasspathResourceLoader: ClasspathResourceLoader Error: cannot find resource VM_global_library.vm
2017-02-12 21:57:20,802 - Velocimacro : Default library not found.
2017-02-12 21:57:20,802 - Velocimacro : allowInline = true : VMs can be defined inline in templates
2017-02-12 21:57:20,802 - Velocimacro : allowInlineToOverride = false : VMs defined inline may NOT replace previous VM definitions
2017-02-12 21:57:20,802 - Velocimacro : allowInlineLocal = false : VMs defined inline will be global in scope if allowed.
2017-02-12 21:57:20,802 - Velocimacro : autoload off : VM system will not automatically reload global library macros
2017-02-12 21:57:20,803 - ResourceManager : unable to find resource '/tpl/model.java.vm' in any resource loader.
2017-02-12 21:57:35,566 - Log4JLogChute initialized using file 'velocity.log'
2017-02-12 21:57:35,566 - Initializing Velocity, Calling init()...
2017-02-12 21:57:35,566 - Starting Apache Velocity v1.7 (compiled: 2010-11-19 12:14:37)
2017-02-12 21:57:35,566 - Default Properties File: org\apache\velocity\runtime\defaults\velocity.properties
2017-02-12 21:57:35,566 - Trying to use logger class org.apache.velocity.runtime.log.AvalonLogChute
2017-02-12 21:57:35,566 - Target log system for org.apache.velocity.runtime.log.AvalonLogChute is not available (java.lang.NoClassDefFoundError: org/apache/log/format/Formatter).  Falling back to next log system...
2017-02-12 21:57:35,566 - Trying to use logger class org.apache.velocity.runtime.log.Log4JLogChute
2017-02-12 21:57:35,566 - Using logger class org.apache.velocity.runtime.log.Log4JLogChute
2017-02-12 21:57:35,569 - ResourceLoader instantiated: org.apache.velocity.runtime.resource.loader.ClasspathResourceLoader
2017-02-12 21:57:35,577 - ResourceCache: initialized (class org.apache.velocity.runtime.resource.ResourceCacheImpl) with class java.util.Collections$SynchronizedMap cache map.
2017-02-12 21:57:35,578 - Loaded System Directive: org.apache.velocity.runtime.directive.Stop
2017-02-12 21:57:35,579 - Loaded System Directive: org.apache.velocity.runtime.directive.Define
2017-02-12 21:57:35,579 - Loaded System Directive: org.apache.velocity.runtime.directive.Break
2017-02-12 21:57:35,580 - Loaded System Directive: org.apache.velocity.runtime.directive.Evaluate
2017-02-12 21:57:35,580 - Loaded System Directive: org.apache.velocity.runtime.directive.Literal
2017-02-12 21:57:35,581 - Loaded System Directive: org.apache.velocity.runtime.directive.Macro
2017-02-12 21:57:35,583 - Loaded System Directive: org.apache.velocity.runtime.directive.Parse
2017-02-12 21:57:35,584 - Loaded System Directive: org.apache.velocity.runtime.directive.Include
2017-02-12 21:57:35,585 - Loaded System Directive: org.apache.velocity.runtime.directive.Foreach
2017-02-12 21:57:35,606 - Created '20' parsers.
2017-02-12 21:57:35,610 - Velocimacro : "velocimacro.library" is not set.  Trying default library: VM_global_library.vm
2017-02-12 21:57:35,610 - Could not load resource 'VM_global_library.vm' from ResourceLoader org.apache.velocity.runtime.resource.loader.ClasspathResourceLoader: ClasspathResourceLoader Error: cannot find resource VM_global_library.vm
2017-02-12 21:57:35,610 - Velocimacro : Default library not found.
2017-02-12 21:57:35,610 - Velocimacro : allowInline = true : VMs can be defined inline in templates
2017-02-12 21:57:35,611 - Velocimacro : allowInlineToOverride = false : VMs defined inline may NOT replace previous VM definitions
2017-02-12 21:57:35,611 - Velocimacro : allowInlineLocal = false : VMs defined inline will be global in scope if allowed.
2017-02-12 21:57:35,611 - Velocimacro : autoload off : VM system will not automatically reload global library macros
2017-02-12 21:57:35,612 - ResourceManager : unable to find resource 'tpl/model.java.vm' in any resource loader.
2017-02-12 21:59:36,446 - Log4JLogChute initialized using file 'velocity.log'
2017-02-12 21:59:36,446 - Initializing Velocity, Calling init()...
2017-02-12 21:59:36,446 - Starting Apache Velocity v1.7 (compiled: 2010-11-19 12:14:37)
2017-02-12 21:59:36,446 - Default Properties File: org\apache\velocity\runtime\defaults\velocity.properties
2017-02-12 21:59:36,446 - Trying to use logger class org.apache.velocity.runtime.log.AvalonLogChute
2017-02-12 21:59:36,446 - Target log system for org.apache.velocity.runtime.log.AvalonLogChute is not available (java.lang.NoClassDefFoundError: org/apache/log/format/Formatter).  Falling back to next log system...
2017-02-12 21:59:36,446 - Trying to use logger class org.apache.velocity.runtime.log.Log4JLogChute
2017-02-12 21:59:36,446 - Using logger class org.apache.velocity.runtime.log.Log4JLogChute
2017-02-12 21:59:36,449 - ResourceLoader instantiated: org.apache.velocity.runtime.resource.loader.ClasspathResourceLoader
2017-02-12 21:59:36,456 - ResourceCache: initialized (class org.apache.velocity.runtime.resource.ResourceCacheImpl) with class java.util.Collections$SynchronizedMap cache map.
2017-02-12 21:59:36,457 - Loaded System Directive: org.apache.velocity.runtime.directive.Stop
2017-02-12 21:59:36,458 - Loaded System Directive: org.apache.velocity.runtime.directive.Define
2017-02-12 21:59:36,458 - Loaded System Directive: org.apache.velocity.runtime.directive.Break
2017-02-12 21:59:36,459 - Loaded System Directive: org.apache.velocity.runtime.directive.Evaluate
2017-02-12 21:59:36,459 - Loaded System Directive: org.apache.velocity.runtime.directive.Literal
2017-02-12 21:59:36,460 - Loaded System Directive: org.apache.velocity.runtime.directive.Macro
2017-02-12 21:59:36,461 - Loaded System Directive: org.apache.velocity.runtime.directive.Parse
2017-02-12 21:59:36,462 - Loaded System Directive: org.apache.velocity.runtime.directive.Include
2017-02-12 21:59:36,462 - Loaded System Directive: org.apache.velocity.runtime.directive.Foreach
2017-02-12 21:59:36,481 - Created '20' parsers.
2017-02-12 21:59:36,485 - Velocimacro : "velocimacro.library" is not set.  Trying default library: VM_global_library.vm
2017-02-12 21:59:36,485 - Could not load resource 'VM_global_library.vm' from ResourceLoader org.apache.velocity.runtime.resource.loader.ClasspathResourceLoader: ClasspathResourceLoader Error: cannot find resource VM_global_library.vm
2017-02-12 21:59:36,485 - Velocimacro : Default library not found.
2017-02-12 21:59:36,485 - Velocimacro : allowInline = true : VMs can be defined inline in templates
2017-02-12 21:59:36,486 - Velocimacro : allowInlineToOverride = false : VMs defined inline may NOT replace previous VM definitions
2017-02-12 21:59:36,486 - Velocimacro : allowInlineLocal = false : VMs defined inline will be global in scope if allowed.
2017-02-12 21:59:36,486 - Velocimacro : autoload off : VM system will not automatically reload global library macros
2017-02-12 21:59:36,487 - ResourceManager : unable to find resource 'template/model.java.vm' in any resource loader.
2017-02-12 21:59:52,070 - Log4JLogChute initialized using file 'velocity.log'
2017-02-12 21:59:52,070 - Initializing Velocity, Calling init()...
2017-02-12 21:59:52,070 - Starting Apache Velocity v1.7 (compiled: 2010-11-19 12:14:37)
2017-02-12 21:59:52,070 - Default Properties File: org\apache\velocity\runtime\defaults\velocity.properties
2017-02-12 21:59:52,070 - Trying to use logger class org.apache.velocity.runtime.log.AvalonLogChute
2017-02-12 21:59:52,070 - Target log system for org.apache.velocity.runtime.log.AvalonLogChute is not available (java.lang.NoClassDefFoundError: org/apache/log/format/Formatter).  Falling back to next log system...
2017-02-12 21:59:52,070 - Trying to use logger class org.apache.velocity.runtime.log.Log4JLogChute
2017-02-12 21:59:52,070 - Using logger class org.apache.velocity.runtime.log.Log4JLogChute
2017-02-12 21:59:52,073 - ResourceLoader instantiated: org.apache.velocity.runtime.resource.loader.ClasspathResourceLoader
2017-02-12 21:59:52,081 - ResourceCache: initialized (class org.apache.velocity.runtime.resource.ResourceCacheImpl) with class java.util.Collections$SynchronizedMap cache map.
2017-02-12 21:59:52,082 - Loaded System Directive: org.apache.velocity.runtime.directive.Stop
2017-02-12 21:59:52,082 - Loaded System Directive: org.apache.velocity.runtime.directive.Define
2017-02-12 21:59:52,083 - Loaded System Directive: org.apache.velocity.runtime.directive.Break
2017-02-12 21:59:52,083 - Loaded System Directive: org.apache.velocity.runtime.directive.Evaluate
2017-02-12 21:59:52,084 - Loaded System Directive: org.apache.velocity.runtime.directive.Literal
2017-02-12 21:59:52,085 - Loaded System Directive: org.apache.velocity.runtime.directive.Macro
2017-02-12 21:59:52,085 - Loaded System Directive: org.apache.velocity.runtime.directive.Parse
2017-02-12 21:59:52,086 - Loaded System Directive: org.apache.velocity.runtime.directive.Include
2017-02-12 21:59:52,087 - Loaded System Directive: org.apache.velocity.runtime.directive.Foreach
2017-02-12 21:59:52,109 - Created '20' parsers.
2017-02-12 21:59:52,112 - Velocimacro : "velocimacro.library" is not set.  Trying default library: VM_global_library.vm
2017-02-12 21:59:52,113 - Could not load resource 'VM_global_library.vm' from ResourceLoader org.apache.velocity.runtime.resource.loader.ClasspathResourceLoader: ClasspathResourceLoader Error: cannot find resource VM_global_library.vm
2017-02-12 21:59:52,113 - Velocimacro : Default library not found.
2017-02-12 21:59:52,113 - Velocimacro : allowInline = true : VMs can be defined inline in templates
2017-02-12 21:59:52,113 - Velocimacro : allowInlineToOverride = false : VMs defined inline may NOT replace previous VM definitions
2017-02-12 21:59:52,113 - Velocimacro : allowInlineLocal = false : VMs defined inline will be global in scope if allowed.
2017-02-12 21:59:52,113 - Velocimacro : autoload off : VM system will not automatically reload global library macros
2017-02-12 21:59:52,114 - ResourceManager : unable to find resource '/template/model.java.vm' in any resource loader.
2017-02-12 22:02:13,646 - Log4JLogChute initialized using file 'velocity.log'
2017-02-12 22:02:13,646 - Initializing Velocity, Calling init()...
2017-02-12 22:02:13,646 - Starting Apache Velocity v1.7 (compiled: 2010-11-19 12:14:37)
2017-02-12 22:02:13,646 - Default Properties File: org\apache\velocity\runtime\defaults\velocity.properties
2017-02-12 22:02:13,646 - Trying to use logger class org.apache.velocity.runtime.log.AvalonLogChute
2017-02-12 22:02:13,646 - Target log system for org.apache.velocity.runtime.log.AvalonLogChute is not available (java.lang.NoClassDefFoundError: org/apache/log/format/Formatter).  Falling back to next log system...
2017-02-12 22:02:13,646 - Trying to use logger class org.apache.velocity.runtime.log.Log4JLogChute
2017-02-12 22:02:13,646 - Using logger class org.apache.velocity.runtime.log.Log4JLogChute
2017-02-12 22:02:13,649 - ResourceLoader instantiated: org.apache.velocity.runtime.resource.loader.ClasspathResourceLoader
2017-02-12 22:02:13,659 - ResourceCache: initialized (class org.apache.velocity.runtime.resource.ResourceCacheImpl) with class java.util.Collections$SynchronizedMap cache map.
2017-02-12 22:02:13,661 - Loaded System Directive: org.apache.velocity.runtime.directive.Stop
2017-02-12 22:02:13,661 - Loaded System Directive: org.apache.velocity.runtime.directive.Define
2017-02-12 22:02:13,662 - Loaded System Directive: org.apache.velocity.runtime.directive.Break
2017-02-12 22:02:13,662 - Loaded System Directive: org.apache.velocity.runtime.directive.Evaluate
2017-02-12 22:02:13,663 - Loaded System Directive: org.apache.velocity.runtime.directive.Literal
2017-02-12 22:02:13,664 - Loaded System Directive: org.apache.velocity.runtime.directive.Macro
2017-02-12 22:02:13,665 - Loaded System Directive: org.apache.velocity.runtime.directive.Parse
2017-02-12 22:02:13,665 - Loaded System Directive: org.apache.velocity.runtime.directive.Include
2017-02-12 22:02:13,666 - Loaded System Directive: org.apache.velocity.runtime.directive.Foreach
2017-02-12 22:02:13,693 - Created '20' parsers.
2017-02-12 22:02:13,697 - Velocimacro : "velocimacro.library" is not set.  Trying default library: VM_global_library.vm
2017-02-12 22:02:13,698 - Could not load resource 'VM_global_library.vm' from ResourceLoader org.apache.velocity.runtime.resource.loader.ClasspathResourceLoader: ClasspathResourceLoader Error: cannot find resource VM_global_library.vm
2017-02-12 22:02:13,698 - Velocimacro : Default library not found.
2017-02-12 22:02:13,698 - Velocimacro : allowInline = true : VMs can be defined inline in templates
2017-02-12 22:02:13,698 - Velocimacro : allowInlineToOverride = false : VMs defined inline may NOT replace previous VM definitions
2017-02-12 22:02:13,698 - Velocimacro : allowInlineLocal = false : VMs defined inline will be global in scope if allowed.
2017-02-12 22:02:13,698 - Velocimacro : autoload off : VM system will not automatically reload global library macros
2017-02-12 22:02:13,742 - ResourceManager : found /template/entity.java.vm with loader org.apache.velocity.runtime.resource.loader.ClasspathResourceLoader
2017-02-12 22:02:13,801 - ResourceManager : found template/mapper.java.vm with loader org.apache.velocity.runtime.resource.loader.ClasspathResourceLoader
2017-02-12 22:02:13,813 - ResourceManager : found template/mapper.xml.vm with loader org.apache.velocity.runtime.resource.loader.ClasspathResourceLoader
2017-02-12 22:02:13,815 - ResourceManager : unable to find resource 'null' in any resource loader.
2017-02-12 22:03:13,913 - Log4JLogChute initialized using file 'velocity.log'
2017-02-12 22:03:13,913 - Initializing Velocity, Calling init()...
2017-02-12 22:03:13,913 - Starting Apache Velocity v1.7 (compiled: 2010-11-19 12:14:37)
2017-02-12 22:03:13,913 - Default Properties File: org\apache\velocity\runtime\defaults\velocity.properties
2017-02-12 22:03:13,913 - Trying to use logger class org.apache.velocity.runtime.log.AvalonLogChute
2017-02-12 22:03:13,913 - Target log system for org.apache.velocity.runtime.log.AvalonLogChute is not available (java.lang.NoClassDefFoundError: org/apache/log/format/Formatter).  Falling back to next log system...
2017-02-12 22:03:13,913 - Trying to use logger class org.apache.velocity.runtime.log.Log4JLogChute
2017-02-12 22:03:13,914 - Using logger class org.apache.velocity.runtime.log.Log4JLogChute
2017-02-12 22:03:13,916 - ResourceLoader instantiated: org.apache.velocity.runtime.resource.loader.ClasspathResourceLoader
2017-02-12 22:03:13,927 - ResourceCache: initialized (class org.apache.velocity.runtime.resource.ResourceCacheImpl) with class java.util.Collections$SynchronizedMap cache map.
2017-02-12 22:03:13,928 - Loaded System Directive: org.apache.velocity.runtime.directive.Stop
2017-02-12 22:03:13,928 - Loaded System Directive: org.apache.velocity.runtime.directive.Define
2017-02-12 22:03:13,929 - Loaded System Directive: org.apache.velocity.runtime.directive.Break
2017-02-12 22:03:13,930 - Loaded System Directive: org.apache.velocity.runtime.directive.Evaluate
2017-02-12 22:03:13,930 - Loaded System Directive: org.apache.velocity.runtime.directive.Literal
2017-02-12 22:03:13,931 - Loaded System Directive: org.apache.velocity.runtime.directive.Macro
2017-02-12 22:03:13,932 - Loaded System Directive: org.apache.velocity.runtime.directive.Parse
2017-02-12 22:03:13,932 - Loaded System Directive: org.apache.velocity.runtime.directive.Include
2017-02-12 22:03:13,933 - Loaded System Directive: org.apache.velocity.runtime.directive.Foreach
2017-02-12 22:03:13,957 - Created '20' parsers.
2017-02-12 22:03:13,961 - Velocimacro : "velocimacro.library" is not set.  Trying default library: VM_global_library.vm
2017-02-12 22:03:13,961 - Could not load resource 'VM_global_library.vm' from ResourceLoader org.apache.velocity.runtime.resource.loader.ClasspathResourceLoader: ClasspathResourceLoader Error: cannot find resource VM_global_library.vm
2017-02-12 22:03:13,961 - Velocimacro : Default library not found.
2017-02-12 22:03:13,961 - Velocimacro : allowInline = true : VMs can be defined inline in templates
2017-02-12 22:03:13,961 - Velocimacro : allowInlineToOverride = false : VMs defined inline may NOT replace previous VM definitions
2017-02-12 22:03:13,961 - Velocimacro : allowInlineLocal = false : VMs defined inline will be global in scope if allowed.
2017-02-12 22:03:13,961 - Velocimacro : autoload off : VM system will not automatically reload global library macros
2017-02-12 22:03:13,976 - ResourceManager : found /template/service.java.vm with loader org.apache.velocity.runtime.resource.loader.ClasspathResourceLoader
2017-02-12 22:03:13,988 - ResourceManager : found template/service.java.vm with loader org.apache.velocity.runtime.resource.loader.ClasspathResourceLoader
2017-02-12 22:03:13,997 - ResourceManager : found template/controller.java.vm with loader org.apache.velocity.runtime.resource.loader.ClasspathResourceLoader
2017-02-12 22:04:43,873 - Log4JLogChute initialized using file 'velocity.log'
2017-02-12 22:04:43,874 - Initializing Velocity, Calling init()...
2017-02-12 22:04:43,874 - Starting Apache Velocity v1.7 (compiled: 2010-11-19 12:14:37)
2017-02-12 22:04:43,874 - Default Properties File: org\apache\velocity\runtime\defaults\velocity.properties
2017-02-12 22:04:43,874 - Trying to use logger class org.apache.velocity.runtime.log.AvalonLogChute
2017-02-12 22:04:43,874 - Target log system for org.apache.velocity.runtime.log.AvalonLogChute is not available (java.lang.NoClassDefFoundError: org/apache/log/format/Formatter).  Falling back to next log system...
2017-02-12 22:04:43,874 - Trying to use logger class org.apache.velocity.runtime.log.Log4JLogChute
2017-02-12 22:04:43,874 - Using logger class org.apache.velocity.runtime.log.Log4JLogChute
2017-02-12 22:04:43,876 - ResourceLoader instantiated: org.apache.velocity.runtime.resource.loader.ClasspathResourceLoader
2017-02-12 22:04:43,885 - ResourceCache: initialized (class org.apache.velocity.runtime.resource.ResourceCacheImpl) with class java.util.Collections$SynchronizedMap cache map.
2017-02-12 22:04:43,886 - Loaded System Directive: org.apache.velocity.runtime.directive.Stop
2017-02-12 22:04:43,886 - Loaded System Directive: org.apache.velocity.runtime.directive.Define
2017-02-12 22:04:43,887 - Loaded System Directive: org.apache.velocity.runtime.directive.Break
2017-02-12 22:04:43,887 - Loaded System Directive: org.apache.velocity.runtime.directive.Evaluate
2017-02-12 22:04:43,887 - Loaded System Directive: org.apache.velocity.runtime.directive.Literal
2017-02-12 22:04:43,888 - Loaded System Directive: org.apache.velocity.runtime.directive.Macro
2017-02-12 22:04:43,889 - Loaded System Directive: org.apache.velocity.runtime.directive.Parse
2017-02-12 22:04:43,890 - Loaded System Directive: org.apache.velocity.runtime.directive.Include
2017-02-12 22:04:43,891 - Loaded System Directive: org.apache.velocity.runtime.directive.Foreach
2017-02-12 22:04:43,911 - Created '20' parsers.
2017-02-12 22:04:43,915 - Velocimacro : "velocimacro.library" is not set.  Trying default library: VM_global_library.vm
2017-02-12 22:04:43,915 - Could not load resource 'VM_global_library.vm' from ResourceLoader org.apache.velocity.runtime.resource.loader.ClasspathResourceLoader: ClasspathResourceLoader Error: cannot find resource VM_global_library.vm
2017-02-12 22:04:43,915 - Velocimacro : Default library not found.
2017-02-12 22:04:43,915 - Velocimacro : allowInline = true : VMs can be defined inline in templates
2017-02-12 22:04:43,915 - Velocimacro : allowInlineToOverride = false : VMs defined inline may NOT replace previous VM definitions
2017-02-12 22:04:43,915 - Velocimacro : allowInlineLocal = false : VMs defined inline will be global in scope if allowed.
2017-02-12 22:04:43,915 - Velocimacro : autoload off : VM system will not automatically reload global library macros
2017-02-12 22:04:43,954 - ResourceManager : found /template/entity.java.vm with loader org.apache.velocity.runtime.resource.loader.ClasspathResourceLoader
2017-02-12 22:04:43,972 - ResourceManager : found template/mapper.java.vm with loader org.apache.velocity.runtime.resource.loader.ClasspathResourceLoader
2017-02-12 22:04:43,981 - ResourceManager : found template/mapper.xml.vm with loader org.apache.velocity.runtime.resource.loader.ClasspathResourceLoader
2017-02-12 22:04:43,988 - ResourceManager : found /template/service.java.vm with loader org.apache.velocity.runtime.resource.loader.ClasspathResourceLoader
2017-02-12 22:04:43,993 - ResourceManager : found template/service.java.vm with loader org.apache.velocity.runtime.resource.loader.ClasspathResourceLoader
2017-02-12 22:04:44,000 - ResourceManager : found template/controller.java.vm with loader org.apache.velocity.runtime.resource.loader.ClasspathResourceLoader
2017-02-12 22:06:09,737 - Log4JLogChute initialized using file 'velocity.log'
2017-02-12 22:06:09,738 - Initializing Velocity, Calling init()...
2017-02-12 22:06:09,738 - Starting Apache Velocity v1.7 (compiled: 2010-11-19 12:14:37)
2017-02-12 22:06:09,738 - Default Properties File: org\apache\velocity\runtime\defaults\velocity.properties
2017-02-12 22:06:09,738 - Trying to use logger class org.apache.velocity.runtime.log.AvalonLogChute
2017-02-12 22:06:09,738 - Target log system for org.apache.velocity.runtime.log.AvalonLogChute is not available (java.lang.NoClassDefFoundError: org/apache/log/format/Formatter).  Falling back to next log system...
2017-02-12 22:06:09,738 - Trying to use logger class org.apache.velocity.runtime.log.Log4JLogChute
2017-02-12 22:06:09,738 - Using logger class org.apache.velocity.runtime.log.Log4JLogChute
2017-02-12 22:06:09,740 - ResourceLoader instantiated: org.apache.velocity.runtime.resource.loader.ClasspathResourceLoader
2017-02-12 22:06:09,749 - ResourceCache: initialized (class org.apache.velocity.runtime.resource.ResourceCacheImpl) with class java.util.Collections$SynchronizedMap cache map.
2017-02-12 22:06:09,750 - Loaded System Directive: org.apache.velocity.runtime.directive.Stop
2017-02-12 22:06:09,752 - Loaded System Directive: org.apache.velocity.runtime.directive.Define
2017-02-12 22:06:09,752 - Loaded System Directive: org.apache.velocity.runtime.directive.Break
2017-02-12 22:06:09,753 - Loaded System Directive: org.apache.velocity.runtime.directive.Evaluate
2017-02-12 22:06:09,753 - Loaded System Directive: org.apache.velocity.runtime.directive.Literal
2017-02-12 22:06:09,754 - Loaded System Directive: org.apache.velocity.runtime.directive.Macro
2017-02-12 22:06:09,755 - Loaded System Directive: org.apache.velocity.runtime.directive.Parse
2017-02-12 22:06:09,756 - Loaded System Directive: org.apache.velocity.runtime.directive.Include
2017-02-12 22:06:09,756 - Loaded System Directive: org.apache.velocity.runtime.directive.Foreach
2017-02-12 22:06:09,780 - Created '20' parsers.
2017-02-12 22:06:09,784 - Velocimacro : "velocimacro.library" is not set.  Trying default library: VM_global_library.vm
2017-02-12 22:06:09,784 - Could not load resource 'VM_global_library.vm' from ResourceLoader org.apache.velocity.runtime.resource.loader.ClasspathResourceLoader: ClasspathResourceLoader Error: cannot find resource VM_global_library.vm
2017-02-12 22:06:09,785 - Velocimacro : Default library not found.
2017-02-12 22:06:09,785 - Velocimacro : allowInline = true : VMs can be defined inline in templates
2017-02-12 22:06:09,785 - Velocimacro : allowInlineToOverride = false : VMs defined inline may NOT replace previous VM definitions
2017-02-12 22:06:09,785 - Velocimacro : allowInlineLocal = false : VMs defined inline will be global in scope if allowed.
2017-02-12 22:06:09,785 - Velocimacro : autoload off : VM system will not automatically reload global library macros
2017-02-12 22:06:09,824 - ResourceManager : found template/entity.java.vm with loader org.apache.velocity.runtime.resource.loader.ClasspathResourceLoader
2017-02-12 22:06:09,840 - ResourceManager : found template/mapper.java.vm with loader org.apache.velocity.runtime.resource.loader.ClasspathResourceLoader
2017-02-12 22:06:09,850 - ResourceManager : found template/mapper.xml.vm with loader org.apache.velocity.runtime.resource.loader.ClasspathResourceLoader
2017-02-12 22:06:09,856 - ResourceManager : found /template/service.java.vm with loader org.apache.velocity.runtime.resource.loader.ClasspathResourceLoader
2017-02-12 22:06:09,866 - ResourceManager : found template/serviceImpl.java.vm with loader org.apache.velocity.runtime.resource.loader.ClasspathResourceLoader
2017-02-12 22:06:09,874 - ResourceManager : found template/controller.java.vm with loader org.apache.velocity.runtime.resource.loader.ClasspathResourceLoader
2017-02-12 22:07:11,953 - Log4JLogChute initialized using file 'velocity.log'
2017-02-12 22:07:11,954 - Initializing Velocity, Calling init()...
2017-02-12 22:07:11,954 - Starting Apache Velocity v1.7 (compiled: 2010-11-19 12:14:37)
2017-02-12 22:07:11,954 - Default Properties File: org\apache\velocity\runtime\defaults\velocity.properties
2017-02-12 22:07:11,954 - Trying to use logger class org.apache.velocity.runtime.log.AvalonLogChute
2017-02-12 22:07:11,954 - Target log system for org.apache.velocity.runtime.log.AvalonLogChute is not available (java.lang.NoClassDefFoundError: org/apache/log/format/Formatter).  Falling back to next log system...
2017-02-12 22:07:11,954 - Trying to use logger class org.apache.velocity.runtime.log.Log4JLogChute
2017-02-12 22:07:11,954 - Using logger class org.apache.velocity.runtime.log.Log4JLogChute
2017-02-12 22:07:11,957 - ResourceLoader instantiated: org.apache.velocity.runtime.resource.loader.ClasspathResourceLoader
2017-02-12 22:07:11,965 - ResourceCache: initialized (class org.apache.velocity.runtime.resource.ResourceCacheImpl) with class java.util.Collections$SynchronizedMap cache map.
2017-02-12 22:07:11,967 - Loaded System Directive: org.apache.velocity.runtime.directive.Stop
2017-02-12 22:07:11,968 - Loaded System Directive: org.apache.velocity.runtime.directive.Define
2017-02-12 22:07:11,969 - Loaded System Directive: org.apache.velocity.runtime.directive.Break
2017-02-12 22:07:11,970 - Loaded System Directive: org.apache.velocity.runtime.directive.Evaluate
2017-02-12 22:07:11,971 - Loaded System Directive: org.apache.velocity.runtime.directive.Literal
2017-02-12 22:07:11,972 - Loaded System Directive: org.apache.velocity.runtime.directive.Macro
2017-02-12 22:07:11,973 - Loaded System Directive: org.apache.velocity.runtime.directive.Parse
2017-02-12 22:07:11,975 - Loaded System Directive: org.apache.velocity.runtime.directive.Include
2017-02-12 22:07:11,976 - Loaded System Directive: org.apache.velocity.runtime.directive.Foreach
2017-02-12 22:07:11,998 - Created '20' parsers.
2017-02-12 22:07:12,001 - Velocimacro : "velocimacro.library" is not set.  Trying default library: VM_global_library.vm
2017-02-12 22:07:12,002 - Could not load resource 'VM_global_library.vm' from ResourceLoader org.apache.velocity.runtime.resource.loader.ClasspathResourceLoader: ClasspathResourceLoader Error: cannot find resource VM_global_library.vm
2017-02-12 22:07:12,002 - Velocimacro : Default library not found.
2017-02-12 22:07:12,002 - Velocimacro : allowInline = true : VMs can be defined inline in templates
2017-02-12 22:07:12,002 - Velocimacro : allowInlineToOverride = false : VMs defined inline may NOT replace previous VM definitions
2017-02-12 22:07:12,002 - Velocimacro : allowInlineLocal = false : VMs defined inline will be global in scope if allowed.
2017-02-12 22:07:12,002 - Velocimacro : autoload off : VM system will not automatically reload global library macros
2017-02-12 22:07:12,045 - ResourceManager : found template/entity.java.vm with loader org.apache.velocity.runtime.resource.loader.ClasspathResourceLoader
2017-02-12 22:07:12,061 - ResourceManager : found template/mapper.java.vm with loader org.apache.velocity.runtime.resource.loader.ClasspathResourceLoader
2017-02-12 22:07:12,072 - ResourceManager : found template/mapper.xml.vm with loader org.apache.velocity.runtime.resource.loader.ClasspathResourceLoader
2017-02-12 22:07:12,079 - ResourceManager : found /template/service.java.vm with loader org.apache.velocity.runtime.resource.loader.ClasspathResourceLoader
2017-02-12 22:07:12,089 - ResourceManager : found template/serviceImpl.java.vm with loader org.apache.velocity.runtime.resource.loader.ClasspathResourceLoader
2017-02-12 22:07:12,099 - ResourceManager : found template/controller.java.vm with loader org.apache.velocity.runtime.resource.loader.ClasspathResourceLoader
2017-02-12 22:15:34,373 - Log4JLogChute initialized using file 'velocity.log'
2017-02-12 22:15:34,373 - Initializing Velocity, Calling init()...
2017-02-12 22:15:34,373 - Starting Apache Velocity v1.7 (compiled: 2010-11-19 12:14:37)
2017-02-12 22:15:34,374 - Default Properties File: org\apache\velocity\runtime\defaults\velocity.properties
2017-02-12 22:15:34,374 - Trying to use logger class org.apache.velocity.runtime.log.AvalonLogChute
2017-02-12 22:15:34,374 - Target log system for org.apache.velocity.runtime.log.AvalonLogChute is not available (java.lang.NoClassDefFoundError: org/apache/log/format/Formatter).  Falling back to next log system...
2017-02-12 22:15:34,374 - Trying to use logger class org.apache.velocity.runtime.log.Log4JLogChute
2017-02-12 22:15:34,374 - Using logger class org.apache.velocity.runtime.log.Log4JLogChute
2017-02-12 22:15:34,377 - ResourceLoader instantiated: org.apache.velocity.runtime.resource.loader.ClasspathResourceLoader
2017-02-12 22:15:34,385 - ResourceCache: initialized (class org.apache.velocity.runtime.resource.ResourceCacheImpl) with class java.util.Collections$SynchronizedMap cache map.
2017-02-12 22:15:34,386 - Loaded System Directive: org.apache.velocity.runtime.directive.Stop
2017-02-12 22:15:34,387 - Loaded System Directive: org.apache.velocity.runtime.directive.Define
2017-02-12 22:15:34,387 - Loaded System Directive: org.apache.velocity.runtime.directive.Break
2017-02-12 22:15:34,388 - Loaded System Directive: org.apache.velocity.runtime.directive.Evaluate
2017-02-12 22:15:34,388 - Loaded System Directive: org.apache.velocity.runtime.directive.Literal
2017-02-12 22:15:34,389 - Loaded System Directive: org.apache.velocity.runtime.directive.Macro
2017-02-12 22:15:34,390 - Loaded System Directive: org.apache.velocity.runtime.directive.Parse
2017-02-12 22:15:34,390 - Loaded System Directive: org.apache.velocity.runtime.directive.Include
2017-02-12 22:15:34,391 - Loaded System Directive: org.apache.velocity.runtime.directive.Foreach
2017-02-12 22:15:34,410 - Created '20' parsers.
2017-02-12 22:15:34,414 - Velocimacro : "velocimacro.library" is not set.  Trying default library: VM_global_library.vm
2017-02-12 22:15:34,414 - Could not load resource 'VM_global_library.vm' from ResourceLoader org.apache.velocity.runtime.resource.loader.ClasspathResourceLoader: ClasspathResourceLoader Error: cannot find resource VM_global_library.vm
2017-02-12 22:15:34,414 - Velocimacro : Default library not found.
2017-02-12 22:15:34,414 - Velocimacro : allowInline = true : VMs can be defined inline in templates
2017-02-12 22:15:34,414 - Velocimacro : allowInlineToOverride = false : VMs defined inline may NOT replace previous VM definitions
2017-02-12 22:15:34,414 - Velocimacro : allowInlineLocal = false : VMs defined inline will be global in scope if allowed.
2017-02-12 22:15:34,415 - Velocimacro : autoload off : VM system will not automatically reload global library macros
2017-02-12 22:15:34,458 - ResourceManager : found template/entity.java.vm with loader org.apache.velocity.runtime.resource.loader.ClasspathResourceLoader
2017-02-12 22:15:34,474 - ResourceManager : found template/mapper.java.vm with loader org.apache.velocity.runtime.resource.loader.ClasspathResourceLoader
2017-02-12 22:15:34,485 - ResourceManager : found template/mapper.xml.vm with loader org.apache.velocity.runtime.resource.loader.ClasspathResourceLoader
2017-02-12 22:15:34,491 - ResourceManager : found /template/service.java.vm with loader org.apache.velocity.runtime.resource.loader.ClasspathResourceLoader
2017-02-12 22:15:34,498 - ResourceManager : found template/serviceImpl.java.vm with loader org.apache.velocity.runtime.resource.loader.ClasspathResourceLoader
2017-02-12 22:15:34,509 - ResourceManager : found template/controller.java.vm with loader org.apache.velocity.runtime.resource.loader.ClasspathResourceLoader
2017-02-12 22:21:14,356 - Log4JLogChute initialized using file 'velocity.log'
2017-02-12 22:21:14,356 - Initializing Velocity, Calling init()...
2017-02-12 22:21:14,356 - Starting Apache Velocity v1.7 (compiled: 2010-11-19 12:14:37)
2017-02-12 22:21:14,356 - Default Properties File: org\apache\velocity\runtime\defaults\velocity.properties
2017-02-12 22:21:14,356 - Trying to use logger class org.apache.velocity.runtime.log.AvalonLogChute
2017-02-12 22:21:14,356 - Target log system for org.apache.velocity.runtime.log.AvalonLogChute is not available (java.lang.NoClassDefFoundError: org/apache/log/format/Formatter).  Falling back to next log system...
2017-02-12 22:21:14,356 - Trying to use logger class org.apache.velocity.runtime.log.Log4JLogChute
2017-02-12 22:21:14,356 - Using logger class org.apache.velocity.runtime.log.Log4JLogChute
2017-02-12 22:21:14,359 - ResourceLoader instantiated: org.apache.velocity.runtime.resource.loader.ClasspathResourceLoader
2017-02-12 22:21:14,370 - ResourceCache: initialized (class org.apache.velocity.runtime.resource.ResourceCacheImpl) with class java.util.Collections$SynchronizedMap cache map.
2017-02-12 22:21:14,372 - Loaded System Directive: org.apache.velocity.runtime.directive.Stop
2017-02-12 22:21:14,373 - Loaded System Directive: org.apache.velocity.runtime.directive.Define
2017-02-12 22:21:14,374 - Loaded System Directive: org.apache.velocity.runtime.directive.Break
2017-02-12 22:21:14,374 - Loaded System Directive: org.apache.velocity.runtime.directive.Evaluate
2017-02-12 22:21:14,375 - Loaded System Directive: org.apache.velocity.runtime.directive.Literal
2017-02-12 22:21:14,377 - Loaded System Directive: org.apache.velocity.runtime.directive.Macro
2017-02-12 22:21:14,378 - Loaded System Directive: org.apache.velocity.runtime.directive.Parse
2017-02-12 22:21:14,380 - Loaded System Directive: org.apache.velocity.runtime.directive.Include
2017-02-12 22:21:14,381 - Loaded System Directive: org.apache.velocity.runtime.directive.Foreach
2017-02-12 22:21:14,404 - Created '20' parsers.
2017-02-12 22:21:14,408 - Velocimacro : "velocimacro.library" is not set.  Trying default library: VM_global_library.vm
2017-02-12 22:21:14,409 - Could not load resource 'VM_global_library.vm' from ResourceLoader org.apache.velocity.runtime.resource.loader.ClasspathResourceLoader: ClasspathResourceLoader Error: cannot find resource VM_global_library.vm
2017-02-12 22:21:14,409 - Velocimacro : Default library not found.
2017-02-12 22:21:14,409 - Velocimacro : allowInline = true : VMs can be defined inline in templates
2017-02-12 22:21:14,409 - Velocimacro : allowInlineToOverride = false : VMs defined inline may NOT replace previous VM definitions
2017-02-12 22:21:14,409 - Velocimacro : allowInlineLocal = false : VMs defined inline will be global in scope if allowed.
2017-02-12 22:21:14,409 - Velocimacro : autoload off : VM system will not automatically reload global library macros
2017-02-12 22:21:14,451 - ResourceManager : found template/entity.java.vm with loader org.apache.velocity.runtime.resource.loader.ClasspathResourceLoader
2017-02-12 22:21:14,469 - ResourceManager : found template/mapper.java.vm with loader org.apache.velocity.runtime.resource.loader.ClasspathResourceLoader
2017-02-12 22:21:14,481 - ResourceManager : found template/mapper.xml.vm with loader org.apache.velocity.runtime.resource.loader.ClasspathResourceLoader
2017-02-12 22:21:14,488 - ResourceManager : found /template/service.java.vm with loader org.apache.velocity.runtime.resource.loader.ClasspathResourceLoader
2017-02-12 22:21:14,494 - ResourceManager : found template/serviceImpl.java.vm with loader org.apache.velocity.runtime.resource.loader.ClasspathResourceLoader
2017-02-12 22:21:14,505 - ResourceManager : found template/controller.java.vm with loader org.apache.velocity.runtime.resource.loader.ClasspathResourceLoader
